#
# A fatal error has been detected by the Java Runtime Environment:
#
#  EXCEPTION_ACCESS_VIOLATION (0xc0000005) at pc=0x00000000028be7bb, pid=5236, tid=4868
#
# JRE version: Java(TM) SE Runtime Environment (7.0_80-b15) (build 1.7.0_80-b15)
# Java VM: Java HotSpot(TM) 64-Bit Server VM (24.80-b11 mixed mode windows-amd64 compressed oops)
# Problematic frame:
# J 33 C2 com.kimmin.util.queue.MappedFileQueue.consume()Ljava/io/Serializable; (5 bytes) @ 0x00000000028be7bb [0x00000000028be720+0x9b]
#
# Failed to write core dump. Minidumps are not enabled by default on client versions of Windows
#
# If you would like to submit a bug report, please visit:
#   http://bugreport.java.com/bugreport/crash.jsp
#

---------------  T H R E A D  ---------------

Current thread (0x000000000c4f4800):  JavaThread "Thread-13" [_thread_in_Java, id=4868, stack(0x000000001e0f0000,0x000000001e1f0000)]

siginfo: ExceptionCode=0xc0000005, reading address 0x000000000d060000

Registers:
RAX=0x0000000000000000, RBX=0x0000000000000000, RCX=0x0000000008000000, RDX=0x00000007d5ef4060
RSP=0x000000001e1eee90, RBP=0x000000001e1eef40, RSI=0x0000000000000000, RDI=0x0000000000000005
R8 =0x0000000000000000, R9 =0x0000000000000001, R10=0x00000000fabdef68, R11=0x000000000d060000
R12=0x0000000000000000, R13=0x000000001e1eeef8, R14=0x000000077caffff0, R15=0x000000000c4f4800
RIP=0x00000000028be7bb, EFLAGS=0x0000000000010203

Top of Stack: (sp=0x000000001e1eee90)
0x000000001e1eee90:   000000001e1eee90 000000077cb3be0a
0x000000001e1eeea0:   000000001e1eeef8 000000077cb3e2e8
0x000000001e1eeeb0:   000000077cb43748 000000077cb3be30
0x000000001e1eeec0:   00000007d5ef4060 000000001e1eeef8
0x000000001e1eeed0:   0000000000000003 0000000002856981
0x000000001e1eeee0:   000000001e1eef40 0000000002856981
0x000000001e1eeef0:   0000000002856981 00000007d5ef4060
0x000000001e1eef00:   000000001e1eef00 000000077caf3d45
0x000000001e1eef10:   000000001e1eef58 000000077caf8230
0x000000001e1eef20:   000000077cb438d0 000000077caf3d70
0x000000001e1eef30:   000000001e1eeef8 000000001e1eef60
0x000000001e1eef40:   00000007d5efa718 00000000028bcae8
0x000000001e1eef50:   0000000000000000 00000007d5ee8760
0x000000001e1eef60:   0000000000000000 000000001e1eefb0
0x000000001e1eef70:   000000077cb41700 000000077cb439d8
0x000000001e1eef80:   000000077cadeb58 0000000000000000 

Instructions: (pc=0x00000000028be7bb)
0x00000000028be79b:   8b 4c d4 1c 44 3b c1 0f 8d 0b 02 00 00 4f 8b 5c
0x00000000028be7ab:   d4 10 45 8b c8 41 ff c1 47 89 4c d4 18 49 63 d8
0x00000000028be7bb:   41 0f be 2c 1b 83 fd 02 0f 84 08 02 00 00 8b e9
0x00000000028be7cb:   41 2b e8 ff cd 83 fd 04 0f 8c 08 02 00 00 43 0f 


Register to memory mapping:

RAX=0x0000000000000000 is an unknown value
RBX=0x0000000000000000 is an unknown value
RCX=0x0000000008000000 is an unknown value
RDX=0x00000007d5ef4060 is an oop
com.kimmin.util.queue.MappedFileQueue 
 - klass: 'com/kimmin/util/queue/MappedFileQueue'
RSP=0x000000001e1eee90 is pointing into the stack for thread: 0x000000000c4f4800
RBP=0x000000001e1eef40 is pointing into the stack for thread: 0x000000000c4f4800
RSI=0x0000000000000000 is an unknown value
RDI=0x0000000000000005 is an unknown value
R8 =0x0000000000000000 is an unknown value
R9 =0x0000000000000001 is an unknown value
R10=0x00000000fabdef68 is an unknown value
R11=0x000000000d060000 is pointing into the stack for thread: 0x000000000c4eb000
R12=0x0000000000000000 is an unknown value
R13=0x000000001e1eeef8 is pointing into the stack for thread: 0x000000000c4f4800
R14=0x000000077caffff0 is an oop
{instance class} 
 - klass: {other class}
R15=0x000000000c4f4800 is a thread


Stack: [0x000000001e0f0000,0x000000001e1f0000],  sp=0x000000001e1eee90,  free space=1019k
Native frames: (J=compiled Java code, j=interpreted, Vv=VM code, C=native code)
J 33 C2 com.kimmin.util.queue.MappedFileQueue.consume()Ljava/io/Serializable; (5 bytes) @ 0x00000000028be7bb [0x00000000028be720+0x9b]
j  com.kimmin.util.queue.DiskBackedInMemoryBlockingQueue.consume()Ljava/io/Serializable;+21
J 34% C2 com.kimmin.util.test.TakeThread.run()V (70 bytes) @ 0x00000000028bcae8 [0x00000000028bca40+0xa8]
v  ~StubRoutines::call_stub
V  [jvm.dll+0x1d03d3]


---------------  P R O C E S S  ---------------

Java Threads: ( => current thread )
  0x000000000c570800 JavaThread "DestroyJavaVM" [_thread_blocked, id=2904, stack(0x0000000002750000,0x0000000002850000)]
  0x000000000c570000 JavaThread "Thread-21" [_thread_blocked, id=5064, stack(0x000000001ecd0000,0x000000001edd0000)]
  0x000000000c4fa000 JavaThread "Thread-20" [_thread_blocked, id=696, stack(0x000000001eb00000,0x000000001ec00000)]
  0x000000000c4f9000 JavaThread "Thread-19" [_thread_blocked, id=7744, stack(0x000000001e900000,0x000000001ea00000)]
  0x000000000c4f8800 JavaThread "Thread-18" [_thread_blocked, id=5256, stack(0x000000001e560000,0x000000001e660000)]
  0x000000000c4f7800 JavaThread "Thread-17" [_thread_blocked, id=2308, stack(0x000000001e7c0000,0x000000001e8c0000)]
  0x000000000c4f7000 JavaThread "Thread-16" [_thread_blocked, id=7768, stack(0x000000001e670000,0x000000001e770000)]
  0x000000000c4f6000 JavaThread "Thread-15" [_thread_blocked, id=5132, stack(0x000000001e460000,0x000000001e560000)]
  0x000000000c4f5800 JavaThread "Thread-14" [_thread_blocked, id=2880, stack(0x000000001e1f0000,0x000000001e2f0000)]
=>0x000000000c4f4800 JavaThread "Thread-13" [_thread_in_Java, id=4868, stack(0x000000001e0f0000,0x000000001e1f0000)]
  0x000000000c4f4000 JavaThread "Thread-12" [_thread_blocked, id=7444, stack(0x000000001df70000,0x000000001e070000)]
  0x000000000c4f3000 JavaThread "Thread-11" [_thread_blocked, id=7488, stack(0x000000001dda0000,0x000000001dea0000)]
  0x000000000c4f2800 JavaThread "Thread-10" [_thread_blocked, id=5388, stack(0x000000001d3c0000,0x000000001d4c0000)]
  0x000000000c4f1800 JavaThread "Thread-9" [_thread_blocked, id=8112, stack(0x000000001dc80000,0x000000001dd80000)]
  0x000000000c4f1000 JavaThread "Thread-8" [_thread_blocked, id=3588, stack(0x000000001da50000,0x000000001db50000)]
  0x000000000c4f0000 JavaThread "Thread-7" [_thread_blocked, id=6600, stack(0x000000001d060000,0x000000001d160000)]
  0x000000000c4ef800 JavaThread "Thread-6" [_thread_blocked, id=7936, stack(0x000000001d700000,0x000000001d800000)]
  0x000000000c4ee800 JavaThread "Thread-5" [_thread_blocked, id=1596, stack(0x000000001d860000,0x000000001d960000)]
  0x000000000c4ee000 JavaThread "Thread-4" [_thread_blocked, id=7368, stack(0x000000001d1b0000,0x000000001d2b0000)]
  0x000000000c4eb800 JavaThread "Thread-3" [_thread_blocked, id=6832, stack(0x000000001d5f0000,0x000000001d6f0000)]
  0x000000000c4ed000 JavaThread "Thread-2" [_thread_blocked, id=4592, stack(0x000000001d4c0000,0x000000001d5c0000)]
  0x000000000c4ec800 JavaThread "Thread-1" [_thread_in_native, id=7628, stack(0x000000001d2c0000,0x000000001d3c0000)]
  0x000000000c4eb000 JavaThread "Monitor Ctrl-Break" daemon [_thread_in_native, id=6224, stack(0x000000000cf60000,0x000000000d060000)]
  0x000000000c42b000 JavaThread "Service Thread" daemon [_thread_blocked, id=7200, stack(0x000000000cb10000,0x000000000cc10000)]
  0x000000000c422800 JavaThread "C2 CompilerThread1" daemon [_thread_blocked, id=7900, stack(0x000000000c1e0000,0x000000000c2e0000)]
  0x000000000acaf800 JavaThread "C2 CompilerThread0" daemon [_thread_blocked, id=7260, stack(0x000000000c940000,0x000000000ca40000)]
  0x000000000aca9800 JavaThread "Attach Listener" daemon [_thread_blocked, id=1328, stack(0x000000000c310000,0x000000000c410000)]
  0x000000000aca5000 JavaThread "Signal Dispatcher" daemon [_thread_blocked, id=3336, stack(0x000000000c080000,0x000000000c180000)]
  0x000000000ac39800 JavaThread "Finalizer" daemon [_thread_blocked, id=3312, stack(0x000000000bf00000,0x000000000c000000)]
  0x000000000ac32800 JavaThread "Reference Handler" daemon [_thread_blocked, id=8080, stack(0x000000000bdc0000,0x000000000bec0000)]

Other Threads:
  0x000000000ac2a800 VMThread [stack: 0x000000000bc10000,0x000000000bd10000] [id=4060]
  0x000000000c434800 WatcherThread [stack: 0x000000000cc90000,0x000000000cd90000] [id=3156]

VM state:not at safepoint (normal execution)

VM Mutex/Monitor currently owned by a thread: None

Heap
 PSYoungGen      total 38400K, used 8659K [0x00000007d5e00000, 0x00000007d8880000, 0x0000000800000000)
  eden space 33280K, 26% used [0x00000007d5e00000,0x00000007d6674c60,0x00000007d7e80000)
  from space 5120K, 0% used [0x00000007d8380000,0x00000007d8380000,0x00000007d8880000)
  to   space 5120K, 0% used [0x00000007d7e80000,0x00000007d7e80000,0x00000007d8380000)
 ParOldGen       total 86016K, used 0K [0x0000000781a00000, 0x0000000786e00000, 0x00000007d5e00000)
  object space 86016K, 0% used [0x0000000781a00000,0x0000000781a00000,0x0000000786e00000)
 PSPermGen       total 21504K, used 3346K [0x000000077c800000, 0x000000077dd00000, 0x0000000781a00000)
  object space 21504K, 15% used [0x000000077c800000,0x000000077cb44838,0x000000077dd00000)

Card table byte_map: [0x0000000005850000,0x0000000005c70000] byte_map_base: 0x0000000001c6c000

Polling page: 0x0000000000240000

Code Cache  [0x0000000002850000, 0x0000000002ac0000, 0x0000000005850000)
 total_blobs=239 nmethods=33 adapters=159 free_code_cache=48722Kb largest_free_block=49877440

Compilation events (10 events):
Event: 0.477 Thread 0x000000000acaf800 nmethod 30 0x00000000028b78d0 code [0x00000000028b7a00, 0x00000000028b7a98]
Event: 0.477 Thread 0x000000000acaf800   31             java.nio.Buffer::nextGetIndex (31 bytes)
Event: 0.477 Thread 0x000000000acaf800 nmethod 31 0x00000000028b7690 code [0x00000000028b77c0, 0x00000000028b7858]
Event: 0.477 Thread 0x000000000acaf800   32  s!         com.kimmin.util.queue.MappedFileQueue::consumeFromDiskFile (250 bytes)
Event: 0.477 Thread 0x000000000c422800 nmethod 22 0x00000000028bb550 code [0x00000000028bb700, 0x00000000028bbe00]
Event: 0.477 Thread 0x000000000c422800   33             com.kimmin.util.queue.MappedFileQueue::consume (5 bytes)
Event: 0.478 Thread 0x000000000acaf800 nmethod 32 0x00000000028b6e90 code [0x00000000028b6fe0, 0x00000000028b7378]
Event: 0.479 Thread 0x000000000c422800 nmethod 33 0x00000000028be5d0 code [0x00000000028be720, 0x00000000028beab8]
Event: 0.489 Thread 0x000000000acaf800   34 %           com.kimmin.util.test.TakeThread::run @ 13 (70 bytes)
Event: 0.490 Thread 0x000000000acaf800 nmethod 34% 0x00000000028bc8d0 code [0x00000000028bca40, 0x00000000028bcba8]

GC Heap History (0 events):
No events

Deoptimization events (5 events):
Event: 0.076 Thread 0x0000000002468000 Uncommon trap: reason=unstable_if action=reinterpret pc=0x00000000028b3108 method=java.lang.String.hashCode()I @ 14
Event: 0.504 Thread 0x000000000c4ec800 Uncommon trap: reason=unstable_if action=reinterpret pc=0x00000000028b0d38 method=java.util.concurrent.locks.AbstractQueuedSynchronizer.release(I)Z @ 14
Event: 0.504 Thread 0x000000000c4ec800 Uncommon trap: reason=unstable_if action=reinterpret pc=0x00000000028b126c method=java.util.concurrent.locks.AbstractQueuedSynchronizer.release(I)Z @ 14
Event: 0.509 Thread 0x000000000c4f9000 Uncommon trap: reason=unstable_if action=reinterpret pc=0x00000000028bbc0c method=java.util.concurrent.ArrayBlockingQueue.poll()Ljava/lang/Object; @ 13
Event: 0.509 Thread 0x000000000c4f9000 Uncommon trap: reason=unstable_if action=reinterpret pc=0x00000000028ba4e8 method=java.util.concurrent.ArrayBlockingQueue.poll()Ljava/lang/Object; @ 13

Internal exceptions (10 events):
Event: 0.079 Thread 0x0000000002468000 Threw 0x00000007d5ed51e0 at C:\re\jdk7u80\2329\hotspot\src\share\vm\prims\jvm.cpp:1319
Event: 0.079 Thread 0x0000000002468000 Threw 0x00000007d5ed8c08 at C:\re\jdk7u80\2329\hotspot\src\share\vm\prims\jvm.cpp:1319
Event: 0.080 Thread 0x0000000002468000 Threw 0x00000007d5edb258 at C:\re\jdk7u80\2329\hotspot\src\share\vm\prims\jvm.cpp:1319
Event: 0.080 Thread 0x0000000002468000 Threw 0x00000007d5eddc00 at C:\re\jdk7u80\2329\hotspot\src\share\vm\prims\jvm.cpp:1319
Event: 0.081 Thread 0x0000000002468000 Threw 0x00000007d5ee04c8 at C:\re\jdk7u80\2329\hotspot\src\share\vm\prims\jvm.cpp:1319
Event: 0.081 Thread 0x0000000002468000 Threw 0x00000007d5ee51b0 at C:\re\jdk7u80\2329\hotspot\src\share\vm\prims\jvm.cpp:1319
Event: 0.082 Thread 0x0000000002468000 Threw 0x00000007d5ee8c38 at C:\re\jdk7u80\2329\hotspot\src\share\vm\prims\jvm.cpp:1319
Event: 0.082 Thread 0x0000000002468000 Threw 0x00000007d5ef0d00 at C:\re\jdk7u80\2329\hotspot\src\share\vm\prims\jvm.cpp:1319
Event: 0.504 Thread 0x000000000c4ec800 Implicit null exception at 0x00000000028b0c10 to 0x00000000028b0d25
Event: 0.504 Thread 0x000000000c4ec800 Implicit null exception at 0x00000000028b114b to 0x00000000028b1259

Events (10 events):
Event: 0.504 Thread 0x000000000c4ec800 DEOPT UNPACKING pc=0x00000000028875a4 sp=0x000000001d3be480 mode 2
Event: 0.504 Thread 0x000000000c4ec800 Uncommon trap: trap_request=0xffffff75 fr.pc=0x00000000028b126c
Event: 0.504 Thread 0x000000000c4ec800 DEOPT PACKING pc=0x00000000028b126c sp=0x000000001d3be420
Event: 0.504 Thread 0x000000000c4ec800 DEOPT UNPACKING pc=0x00000000028875a4 sp=0x000000001d3be3d0 mode 2
Event: 0.509 Thread 0x000000000c4f9000 Uncommon trap: trap_request=0xffffff75 fr.pc=0x00000000028bbc0c
Event: 0.509 Thread 0x000000000c4f9000 DEOPT PACKING pc=0x00000000028bbc0c sp=0x000000001e9ff050
Event: 0.509 Thread 0x000000000c4f9000 DEOPT UNPACKING pc=0x00000000028875a4 sp=0x000000001e9fefb0 mode 2
Event: 0.509 Thread 0x000000000c4f9000 Uncommon trap: trap_request=0xffffff75 fr.pc=0x00000000028ba4e8
Event: 0.509 Thread 0x000000000c4f9000 DEOPT PACKING pc=0x00000000028ba4e8 sp=0x000000001e9ff010
Event: 0.509 Thread 0x000000000c4f9000 DEOPT UNPACKING pc=0x00000000028875a4 sp=0x000000001e9fefb0 mode 2


Dynamic libraries:
0x000000013f050000 - 0x000000013f083000 	C:\Program Files\Java\jdk1.7.0_80\bin\java.exe
0x00000000774c0000 - 0x0000000077669000 	C:\Windows\SYSTEM32\ntdll.dll
0x0000000077020000 - 0x000000007713f000 	C:\Windows\system32\kernel32.dll
0x000007fefdba0000 - 0x000007fefdc0c000 	C:\Windows\system32\KERNELBASE.dll
0x000007fefde60000 - 0x000007fefdf3b000 	C:\Windows\system32\ADVAPI32.dll
0x000007fefe480000 - 0x000007fefe51f000 	C:\Windows\system32\msvcrt.dll
0x000007fefe3c0000 - 0x000007fefe3df000 	C:\Windows\SYSTEM32\sechost.dll
0x000007fefe530000 - 0x000007fefe65d000 	C:\Windows\system32\RPCRT4.dll
0x0000000076f20000 - 0x000000007701a000 	C:\Windows\system32\USER32.dll
0x000007fefdcf0000 - 0x000007fefdd57000 	C:\Windows\system32\GDI32.dll
0x000007feff7c0000 - 0x000007feff7ce000 	C:\Windows\system32\LPK.dll
0x000007fefdd60000 - 0x000007fefde2a000 	C:\Windows\system32\USP10.dll
0x000007fefbfc0000 - 0x000007fefc1b4000 	C:\Windows\WinSxS\amd64_microsoft.windows.common-controls_6595b64144ccf1df_6.0.7601.17514_none_fa396087175ac9ac\COMCTL32.dll
0x000007fefe6b0000 - 0x000007fefe721000 	C:\Windows\system32\SHLWAPI.dll
0x000007fefde30000 - 0x000007fefde5e000 	C:\Windows\system32\IMM32.DLL
0x000007fefe2b0000 - 0x000007fefe3b9000 	C:\Windows\system32\MSCTF.dll
0x000000005aff0000 - 0x000000005b0c2000 	C:\Program Files\Java\jdk1.7.0_80\jre\bin\msvcr100.dll
0x000000006eb70000 - 0x000000006f349000 	C:\Program Files\Java\jdk1.7.0_80\jre\bin\server\jvm.dll
0x000007fef9820000 - 0x000007fef9829000 	C:\Windows\system32\WSOCK32.dll
0x000007fefe660000 - 0x000007fefe6ad000 	C:\Windows\system32\WS2_32.dll
0x000007fefe520000 - 0x000007fefe528000 	C:\Windows\system32\NSI.dll
0x000007fefb930000 - 0x000007fefb96b000 	C:\Windows\system32\WINMM.dll
0x0000000077680000 - 0x0000000077687000 	C:\Windows\system32\PSAPI.DLL
0x0000000074a40000 - 0x0000000074a4f000 	C:\Program Files\Java\jdk1.7.0_80\jre\bin\verify.dll
0x0000000072310000 - 0x0000000072338000 	C:\Program Files\Java\jdk1.7.0_80\jre\bin\java.dll
0x00000000722f0000 - 0x0000000072306000 	C:\Program Files\Java\jdk1.7.0_80\jre\bin\zip.dll
0x000007fefc880000 - 0x000007fefc890000 	C:\Program Files (x86)\JetBrains\IntelliJ IDEA 15.0.1\bin\breakgen64.dll
0x0000000071f80000 - 0x0000000071f9a000 	C:\Program Files\Java\jdk1.7.0_80\jre\bin\net.dll
0x000007fefd1e0000 - 0x000007fefd235000 	C:\Windows\system32\mswsock.dll
0x000007fefd370000 - 0x000007fefd377000 	C:\Windows\System32\wship6.dll
0x0000000071f60000 - 0x0000000071f71000 	C:\Program Files\Java\jdk1.7.0_80\jre\bin\nio.dll
0x000007fefb5f0000 - 0x000007fefb715000 	C:\Windows\system32\dbghelp.dll

VM Arguments:
jvm_args: -Didea.launcher.port=7532 -Didea.launcher.bin.path=C:\Program Files (x86)\JetBrains\IntelliJ IDEA 15.0.1\bin -Dfile.encoding=UTF-8 
java_command: com.intellij.rt.execution.application.AppMain com.kimmin.util.test.FileIOTest
Launcher Type: SUN_STANDARD

Environment Variables:
JAVA_HOME=C:\Program Files\Java\jdk1.7.0_80
CLASSPATH=.;C:\Program Files\Java\jdk1.7.0_80\lib\dt.jar;C:\Program Files\Java\jdk1.7.0_80\lib\tools.jar
PATH=C:\Perl64\site\bin;C:\Perl64\bin;C:\Program Files (x86)\Intel\iCLS Client\;C:\Program Files\Intel\iCLS Client\;C:\Windows\system32;C:\Windows;C:\Windows\System32\Wbem;C:\Windows\System32\WindowsPowerShell\v1.0\;C:\Program Files (x86)\Microsoft SQL Server\100\Tools\Binn\VSShell\Common7\IDE\;C:\Program Files (x86)\Microsoft SQL Server\100\Tools\Binn\;C:\Program Files (x86)\Microsoft Visual Studio 9.0\Common7\IDE\PrivateAssemblies\;C:\Program Files (x86)\Microsoft SQL Server\100\DTS\Binn\;C:\Program Files\Microsoft SQL Server\100\Tools\Binn\;C:\Program Files\Microsoft SQL Server\100\DTS\Binn\;C:\Program Files (x86)\Intel\OpenCL SDK\2.0\bin\x86;C:\Program Files (x86)\Intel\OpenCL SDK\2.0\bin\x64;C:\Program Files\Intel\Intel(R) Management Engine Components\DAL;C:\Program Files\Intel\Intel(R) Management Engine Components\IPT;C:\Program Files (x86)\Intel\Intel(R) Management Engine Components\DAL;C:\Program Files (x86)\Intel\Intel(R) Management Engine Components\IPT;C:\Program Files (x86)\Lenovo\Lenovo Home\;C:\Program Files (x86)\Windows Kits\8.1\Windows Performance Toolkit\;C:\Program Files\Microsoft SQL Server\110\Tools\Binn\;C:\Program Files\Java\jdk1.7.0_80\bin;C:\Program Files\Java\jdk1.7.0_80\jre\bin;E:\maven\bin;d:\Users\min.jin\.babun
USERNAME=min.jin
OS=Windows_NT
PROCESSOR_IDENTIFIER=Intel64 Family 6 Model 60 Stepping 3, GenuineIntel



---------------  S Y S T E M  ---------------

OS: Windows 7 , 64 bit Build 7601 Service Pack 1

CPU:total 4 (4 cores per cpu, 1 threads per core) family 6 model 60 stepping 3, cmov, cx8, fxsr, mmx, sse, sse2, sse3, ssse3, sse4.1, sse4.2, popcnt, avx, avx2, aes, erms, tsc, tscinvbit

Memory: 4k page, physical 8276124k(3109308k free), swap 10371440k(4618760k free)

vm_info: Java HotSpot(TM) 64-Bit Server VM (24.80-b11) for windows-amd64 JRE (1.7.0_80-b15), built on Apr 10 2015 11:26:34 by "java_re" with unknown MS VC++:1600

time: Mon Feb 01 16:28:07 2016
elapsed time: 0 seconds

