#
# A fatal error has been detected by the Java Runtime Environment:
#
#  EXCEPTION_ACCESS_VIOLATION (0xc0000005) at pc=0x0000000002aa862d, pid=4300, tid=6368
#
# JRE version: Java(TM) SE Runtime Environment (7.0_80-b15) (build 1.7.0_80-b15)
# Java VM: Java HotSpot(TM) 64-Bit Server VM (24.80-b11 mixed mode windows-amd64 compressed oops)
# Problematic frame:
# J 21 C2 com.kimmin.util.queue.DiskBackedInMemoryBlockingQueue.consume()Ljava/io/Serializable; (29 bytes) @ 0x0000000002aa862d [0x0000000002aa84a0+0x18d]
#
# Failed to write core dump. Minidumps are not enabled by default on client versions of Windows
#
# If you would like to submit a bug report, please visit:
#   http://bugreport.java.com/bugreport/crash.jsp
#

---------------  T H R E A D  ---------------

Current thread (0x000000000c507000):  JavaThread "Thread-15" [_thread_in_Java, id=6368, stack(0x000000001e690000,0x000000001e790000)]

siginfo: ExceptionCode=0xc0000005, reading address 0x000000000d100000

Registers:
RAX=0x0000000000000000, RBX=0x000000000c51957a, RCX=0x0000000000000000, RDX=0x000000000c519590
RSP=0x000000001e78f300, RBP=0x00000000fabde80c, RSI=0x0000000000000000, RDI=0x0000000000000001
R8 =0x00000000fabdef25, R9 =0x000000000d100000, R10=0x0000000008000000, R11=0x0000000000000000
R12=0x0000000000000000, R13=0x0000000002aa86f0, R14=0x000000001e78f2f0, R15=0x000000000c507000
RIP=0x0000000002aa862d, EFLAGS=0x0000000000010203

Top of Stack: (sp=0x000000001e78f300)
0x000000001e78f300:   000000000c507000 000000000c51957a
0x000000001e78f310:   000000000c507000 000000001e78f358
0x000000001e78f320:   00000007d5ef4060 00000007d5ef8c88
0x000000001e78f330:   00000007d5ef4060 0000000000000000
0x000000001e78f340:   0000000000000003 0000000000000000
0x000000001e78f350:   00000007d5efa7d0 0000000002aac5a8
0x000000001e78f360:   0000000000000000 000000001e78f3b0
0x000000001e78f370:   000000077cb41700 000000077cb439d8
0x000000001e78f380:   000000077cade290 0000000000000000
0x000000001e78f390:   000000001e78f3b0 000000001e78f490
0x000000001e78f3a0:   000000001e78f490 0000000002a4061a
0x000000001e78f3b0:   00000007d5efa7d0 0000000000000000
0x000000001e78f3c0:   0000000000000000 0000000000000000
0x000000001e78f3d0:   0000000000000000 0000000000000000
0x000000001e78f3e0:   0000000000000000 0000000000000000
0x000000001e78f3f0:   0000000000000000 0000000000000000 

Instructions: (pc=0x0000000002aa862d)
0x0000000002aa860d:   47 8b 54 c4 1c 45 3b da 0f 8d ee 02 00 00 4f 8b
0x0000000002aa861d:   4c c4 10 41 8b fb ff c7 43 89 7c c4 18 49 63 cb
0x0000000002aa862d:   41 0f be 2c 09 83 fd 02 0f 84 ee 02 00 00 41 8b
0x0000000002aa863d:   ea 41 2b eb ff cd 83 fd 04 0f 8c ed 02 00 00 43 


Register to memory mapping:

RAX=0x0000000000000000 is an unknown value
RBX=0x000000000c51957a is an unknown value
RCX=0x0000000000000000 is an unknown value
RDX=0x000000000c519590 is an unknown value
RSP=0x000000001e78f300 is pointing into the stack for thread: 0x000000000c507000
RBP=0x00000000fabde80c is an unknown value
RSI=0x0000000000000000 is an unknown value
RDI=0x0000000000000001 is an unknown value
R8 =0x00000000fabdef25 is an unknown value
R9 =0x000000000d100000 is pointing into the stack for thread: 0x000000000c46e000
R10=0x0000000008000000 is an unknown value
R11=0x0000000000000000 is an unknown value
R12=0x0000000000000000 is an unknown value
R13=0x0000000002aa86f0 is at entry_point+592 in (nmethod*)0x0000000002aa8310
R14=0x000000001e78f2f0 is pointing into the stack for thread: 0x000000000c507000
R15=0x000000000c507000 is a thread


Stack: [0x000000001e690000,0x000000001e790000],  sp=0x000000001e78f300,  free space=1020k
Native frames: (J=compiled Java code, j=interpreted, Vv=VM code, C=native code)
J 21 C2 com.kimmin.util.queue.DiskBackedInMemoryBlockingQueue.consume()Ljava/io/Serializable; (29 bytes) @ 0x0000000002aa862d [0x0000000002aa84a0+0x18d]
J 34% C2 com.kimmin.util.test.TakeThread.run()V (70 bytes) @ 0x0000000002aac5a8 [0x0000000002aac500+0xa8]
v  ~StubRoutines::call_stub
V  [jvm.dll+0x1d03d3]


---------------  P R O C E S S  ---------------

Java Threads: ( => current thread )
  0x000000000c50c800 JavaThread "DestroyJavaVM" [_thread_blocked, id=5828, stack(0x0000000002940000,0x0000000002a40000)]
  0x000000000c50c000 JavaThread "Thread-21" [_thread_blocked, id=5508, stack(0x000000001efa0000,0x000000001f0a0000)]
  0x000000000c50b000 JavaThread "Thread-20" [_thread_blocked, id=2976, stack(0x000000001ee70000,0x000000001ef70000)]
  0x000000000c50a800 JavaThread "Thread-19" [_thread_blocked, id=7624, stack(0x000000001ec70000,0x000000001ed70000)]
  0x000000000c509800 JavaThread "Thread-18" [_thread_blocked, id=2148, stack(0x000000001e7f0000,0x000000001e8f0000)]
  0x000000000c508800 JavaThread "Thread-17" [_thread_blocked, id=4580, stack(0x000000001eac0000,0x000000001ebc0000)]
  0x000000000c508000 JavaThread "Thread-16" [_thread_blocked, id=4236, stack(0x000000001e940000,0x000000001ea40000)]
=>0x000000000c507000 JavaThread "Thread-15" [_thread_in_Java, id=6368, stack(0x000000001e690000,0x000000001e790000)]
  0x000000000c506800 JavaThread "Thread-14" [_thread_blocked, id=6804, stack(0x000000001e4f0000,0x000000001e5f0000)]
  0x000000000c505800 JavaThread "Thread-13" [_thread_blocked, id=1764, stack(0x000000001dd60000,0x000000001de60000)]
  0x000000000c505000 JavaThread "Thread-12" [_thread_blocked, id=6840, stack(0x000000001e310000,0x000000001e410000)]
  0x000000000c504000 JavaThread "Thread-11" [_thread_blocked, id=7108, stack(0x000000001e200000,0x000000001e300000)]
  0x000000000c49b000 JavaThread "Thread-10" [_thread_blocked, id=1200, stack(0x000000001e090000,0x000000001e190000)]
  0x000000000c496800 JavaThread "Thread-9" [_thread_blocked, id=6576, stack(0x000000001deb0000,0x000000001dfb0000)]
  0x000000000c495800 JavaThread "Thread-8" [_thread_blocked, id=7820, stack(0x000000001dbe0000,0x000000001dce0000)]
  0x000000000c493000 JavaThread "Thread-7" [_thread_blocked, id=7376, stack(0x000000001da10000,0x000000001db10000)]
  0x000000000c4de800 JavaThread "Thread-6" [_thread_blocked, id=1108, stack(0x000000001d810000,0x000000001d910000)]
  0x000000000c4dc000 JavaThread "Thread-5" [_thread_blocked, id=6824, stack(0x000000001d110000,0x000000001d210000)]
  0x000000000c4d7800 JavaThread "Thread-4" [_thread_blocked, id=7184, stack(0x000000001d570000,0x000000001d670000)]
  0x000000000c4db000 JavaThread "Thread-3" [_thread_blocked, id=7236, stack(0x000000001d6e0000,0x000000001d7e0000)]
  0x000000000c4da800 JavaThread "Thread-2" [_thread_blocked, id=7400, stack(0x000000001d280000,0x000000001d380000)]
  0x000000000c4d8000 JavaThread "Thread-1" [_thread_in_native, id=6444, stack(0x000000001d3f0000,0x000000001d4f0000)]
  0x000000000c46e000 JavaThread "Monitor Ctrl-Break" daemon [_thread_in_native, id=7688, stack(0x000000000d000000,0x000000000d100000)]
  0x000000000c3cb000 JavaThread "Service Thread" daemon [_thread_blocked, id=7748, stack(0x000000000cc10000,0x000000000cd10000)]
  0x000000000c3c6800 JavaThread "C2 CompilerThread1" daemon [_thread_blocked, id=1404, stack(0x000000000caf0000,0x000000000cbf0000)]
  0x000000000c3c2800 JavaThread "C2 CompilerThread0" daemon [_thread_blocked, id=3328, stack(0x000000000c970000,0x000000000ca70000)]
  0x000000000af8a800 JavaThread "Attach Listener" daemon [_thread_blocked, id=6132, stack(0x000000000c160000,0x000000000c260000)]
  0x000000000af85800 JavaThread "Signal Dispatcher" daemon [_thread_blocked, id=5688, stack(0x000000000bf00000,0x000000000c000000)]
  0x000000000af10000 JavaThread "Finalizer" daemon [_thread_blocked, id=7976, stack(0x000000000c2c0000,0x000000000c3c0000)]
  0x000000000af0e800 JavaThread "Reference Handler" daemon [_thread_blocked, id=1064, stack(0x000000000c000000,0x000000000c100000)]

Other Threads:
  0x000000000af0a800 VMThread [stack: 0x000000000bde0000,0x000000000bee0000] [id=596]
  0x000000000c3e4800 WatcherThread [stack: 0x000000000c800000,0x000000000c900000] [id=7272]

VM state:not at safepoint (normal execution)

VM Mutex/Monitor currently owned by a thread: None

Heap
 PSYoungGen      total 38400K, used 6693K [0x00000007d5e00000, 0x00000007d8880000, 0x0000000800000000)
  eden space 33280K, 20% used [0x00000007d5e00000,0x00000007d6489730,0x00000007d7e80000)
  from space 5120K, 0% used [0x00000007d8380000,0x00000007d8380000,0x00000007d8880000)
  to   space 5120K, 0% used [0x00000007d7e80000,0x00000007d7e80000,0x00000007d8380000)
 ParOldGen       total 86016K, used 0K [0x0000000781a00000, 0x0000000786e00000, 0x00000007d5e00000)
  object space 86016K, 0% used [0x0000000781a00000,0x0000000781a00000,0x0000000786e00000)
 PSPermGen       total 21504K, used 3349K [0x000000077c800000, 0x000000077dd00000, 0x0000000781a00000)
  object space 21504K, 15% used [0x000000077c800000,0x000000077cb45430,0x000000077dd00000)

Card table byte_map: [0x0000000005a40000,0x0000000005e60000] byte_map_base: 0x0000000001e5c000

Polling page: 0x0000000000130000

Code Cache  [0x0000000002a40000, 0x0000000002cb0000, 0x0000000005a40000)
 total_blobs=239 nmethods=33 adapters=159 free_code_cache=48726Kb largest_free_block=49879232

Compilation events (10 events):
Event: 0.095 Thread 0x000000000c3c6800 nmethod 30 0x0000000002aa6f50 code [0x0000000002aa7080, 0x0000000002aa7118]
Event: 0.095 Thread 0x000000000c3c6800   31             com.kimmin.util.queue.MappedFileQueue::consume (5 bytes)
Event: 0.097 Thread 0x000000000c3c6800 nmethod 31 0x0000000002aa9250 code [0x0000000002aa93a0, 0x0000000002aa9738]
Event: 0.097 Thread 0x000000000c3c6800   32  s!         com.kimmin.util.queue.MappedFileQueue::consumeFromDiskFile (250 bytes)
Event: 0.098 Thread 0x000000000c3c2800 nmethod 21 0x0000000002aa8310 code [0x0000000002aa84a0, 0x0000000002aa8a78]
Event: 0.098 Thread 0x000000000c3c2800   33   !         java.util.concurrent.ArrayBlockingQueue::poll (38 bytes)
Event: 0.099 Thread 0x000000000c3c6800 nmethod 32 0x0000000002aaafd0 code [0x0000000002aab120, 0x0000000002aab4b8]
Event: 0.099 Thread 0x000000000c3c6800   34 %           com.kimmin.util.test.TakeThread::run @ 13 (70 bytes)
Event: 0.099 Thread 0x000000000c3c2800 nmethod 33 0x0000000002aac810 code [0x0000000002aac980, 0x0000000002aacb78]
Event: 0.100 Thread 0x000000000c3c6800 nmethod 34% 0x0000000002aac390 code [0x0000000002aac500, 0x0000000002aac668]

GC Heap History (0 events):
No events

Deoptimization events (3 events):
Event: 0.067 Thread 0x0000000002578000 Uncommon trap: reason=unstable_if action=reinterpret pc=0x0000000002a9ff48 method=java.lang.String.hashCode()I @ 14
Event: 0.122 Thread 0x000000000c4d8000 Uncommon trap: reason=unstable_if action=reinterpret pc=0x0000000002aa52fc method=java.util.concurrent.locks.AbstractQueuedSynchronizer.release(I)Z @ 14
Event: 0.122 Thread 0x000000000c4d8000 Uncommon trap: reason=unstable_if action=reinterpret pc=0x0000000002aa56f0 method=java.util.concurrent.locks.AbstractQueuedSynchronizer.release(I)Z @ 14

Internal exceptions (10 events):
Event: 0.070 Thread 0x0000000002578000 Threw 0x00000007d5ed51e0 at C:\re\jdk7u80\2329\hotspot\src\share\vm\prims\jvm.cpp:1319
Event: 0.071 Thread 0x0000000002578000 Threw 0x00000007d5ed8c08 at C:\re\jdk7u80\2329\hotspot\src\share\vm\prims\jvm.cpp:1319
Event: 0.071 Thread 0x0000000002578000 Threw 0x00000007d5edb258 at C:\re\jdk7u80\2329\hotspot\src\share\vm\prims\jvm.cpp:1319
Event: 0.072 Thread 0x0000000002578000 Threw 0x00000007d5eddc00 at C:\re\jdk7u80\2329\hotspot\src\share\vm\prims\jvm.cpp:1319
Event: 0.072 Thread 0x0000000002578000 Threw 0x00000007d5ee04c8 at C:\re\jdk7u80\2329\hotspot\src\share\vm\prims\jvm.cpp:1319
Event: 0.073 Thread 0x0000000002578000 Threw 0x00000007d5ee51b0 at C:\re\jdk7u80\2329\hotspot\src\share\vm\prims\jvm.cpp:1319
Event: 0.073 Thread 0x0000000002578000 Threw 0x00000007d5ee8c38 at C:\re\jdk7u80\2329\hotspot\src\share\vm\prims\jvm.cpp:1319
Event: 0.074 Thread 0x0000000002578000 Threw 0x00000007d5ef0d00 at C:\re\jdk7u80\2329\hotspot\src\share\vm\prims\jvm.cpp:1319
Event: 0.122 Thread 0x000000000c4d8000 Implicit null exception at 0x0000000002aa5289 to 0x0000000002aa52ed
Event: 0.122 Thread 0x000000000c4d8000 Implicit null exception at 0x0000000002aa5681 to 0x0000000002aa56e1

Events (10 events):
Event: 0.083 Thread 0x000000000c50b000 Thread added: 0x000000000c50b000
Event: 0.083 Thread 0x000000000c50c000 Thread added: 0x000000000c50c000
Event: 0.083 Thread 0x0000000002578000 Thread exited: 0x0000000002578000
Event: 0.083 Thread 0x000000000c50c800 Thread added: 0x000000000c50c800
Event: 0.122 Thread 0x000000000c4d8000 Uncommon trap: trap_request=0xffffff75 fr.pc=0x0000000002aa52fc
Event: 0.122 Thread 0x000000000c4d8000 DEOPT PACKING pc=0x0000000002aa52fc sp=0x000000001d4ee550
Event: 0.122 Thread 0x000000000c4d8000 DEOPT UNPACKING pc=0x0000000002a775a4 sp=0x000000001d4ee490 mode 2
Event: 0.122 Thread 0x000000000c4d8000 Uncommon trap: trap_request=0xffffff75 fr.pc=0x0000000002aa56f0
Event: 0.122 Thread 0x000000000c4d8000 DEOPT PACKING pc=0x0000000002aa56f0 sp=0x000000001d4ee430
Event: 0.122 Thread 0x000000000c4d8000 DEOPT UNPACKING pc=0x0000000002a775a4 sp=0x000000001d4ee3e0 mode 2


Dynamic libraries:
0x000000013f050000 - 0x000000013f083000 	C:\Program Files\Java\jdk1.7.0_80\bin\java.exe
0x00000000774c0000 - 0x0000000077669000 	C:\Windows\SYSTEM32\ntdll.dll
0x0000000077020000 - 0x000000007713f000 	C:\Windows\system32\kernel32.dll
0x000007fefdba0000 - 0x000007fefdc0c000 	C:\Windows\system32\KERNELBASE.dll
0x000007fefde60000 - 0x000007fefdf3b000 	C:\Windows\system32\ADVAPI32.dll
0x000007fefe480000 - 0x000007fefe51f000 	C:\Windows\system32\msvcrt.dll
0x000007fefe3c0000 - 0x000007fefe3df000 	C:\Windows\SYSTEM32\sechost.dll
0x000007fefe530000 - 0x000007fefe65d000 	C:\Windows\system32\RPCRT4.dll
0x0000000076f20000 - 0x000000007701a000 	C:\Windows\system32\USER32.dll
0x000007fefdcf0000 - 0x000007fefdd57000 	C:\Windows\system32\GDI32.dll
0x000007feff7c0000 - 0x000007feff7ce000 	C:\Windows\system32\LPK.dll
0x000007fefdd60000 - 0x000007fefde2a000 	C:\Windows\system32\USP10.dll
0x000007fefbfc0000 - 0x000007fefc1b4000 	C:\Windows\WinSxS\amd64_microsoft.windows.common-controls_6595b64144ccf1df_6.0.7601.17514_none_fa396087175ac9ac\COMCTL32.dll
0x000007fefe6b0000 - 0x000007fefe721000 	C:\Windows\system32\SHLWAPI.dll
0x000007fefde30000 - 0x000007fefde5e000 	C:\Windows\system32\IMM32.DLL
0x000007fefe2b0000 - 0x000007fefe3b9000 	C:\Windows\system32\MSCTF.dll
0x000000005af60000 - 0x000000005b032000 	C:\Program Files\Java\jdk1.7.0_80\jre\bin\msvcr100.dll
0x000000006e940000 - 0x000000006f119000 	C:\Program Files\Java\jdk1.7.0_80\jre\bin\server\jvm.dll
0x000007fef9820000 - 0x000007fef9829000 	C:\Windows\system32\WSOCK32.dll
0x000007fefe660000 - 0x000007fefe6ad000 	C:\Windows\system32\WS2_32.dll
0x000007fefe520000 - 0x000007fefe528000 	C:\Windows\system32\NSI.dll
0x000007fefb930000 - 0x000007fefb96b000 	C:\Windows\system32\WINMM.dll
0x0000000077680000 - 0x0000000077687000 	C:\Windows\system32\PSAPI.DLL
0x00000000739c0000 - 0x00000000739cf000 	C:\Program Files\Java\jdk1.7.0_80\jre\bin\verify.dll
0x00000000722e0000 - 0x0000000072308000 	C:\Program Files\Java\jdk1.7.0_80\jre\bin\java.dll
0x0000000072320000 - 0x0000000072336000 	C:\Program Files\Java\jdk1.7.0_80\jre\bin\zip.dll
0x000007fefc880000 - 0x000007fefc890000 	C:\Program Files (x86)\JetBrains\IntelliJ IDEA 15.0.1\bin\breakgen64.dll
0x0000000071f60000 - 0x0000000071f7a000 	C:\Program Files\Java\jdk1.7.0_80\jre\bin\net.dll
0x000007fefd1e0000 - 0x000007fefd235000 	C:\Windows\system32\mswsock.dll
0x000007fefd370000 - 0x000007fefd377000 	C:\Windows\System32\wship6.dll
0x0000000071f80000 - 0x0000000071f91000 	C:\Program Files\Java\jdk1.7.0_80\jre\bin\nio.dll
0x000007fefb5f0000 - 0x000007fefb715000 	C:\Windows\system32\dbghelp.dll

VM Arguments:
jvm_args: -Didea.launcher.port=7532 -Didea.launcher.bin.path=C:\Program Files (x86)\JetBrains\IntelliJ IDEA 15.0.1\bin -Dfile.encoding=UTF-8 
java_command: com.intellij.rt.execution.application.AppMain com.kimmin.util.test.FileIOTest
Launcher Type: SUN_STANDARD

Environment Variables:
JAVA_HOME=C:\Program Files\Java\jdk1.7.0_80
CLASSPATH=.;C:\Program Files\Java\jdk1.7.0_80\lib\dt.jar;C:\Program Files\Java\jdk1.7.0_80\lib\tools.jar
PATH=C:\Perl64\site\bin;C:\Perl64\bin;C:\Program Files (x86)\Intel\iCLS Client\;C:\Program Files\Intel\iCLS Client\;C:\Windows\system32;C:\Windows;C:\Windows\System32\Wbem;C:\Windows\System32\WindowsPowerShell\v1.0\;C:\Program Files (x86)\Microsoft SQL Server\100\Tools\Binn\VSShell\Common7\IDE\;C:\Program Files (x86)\Microsoft SQL Server\100\Tools\Binn\;C:\Program Files (x86)\Microsoft Visual Studio 9.0\Common7\IDE\PrivateAssemblies\;C:\Program Files (x86)\Microsoft SQL Server\100\DTS\Binn\;C:\Program Files\Microsoft SQL Server\100\Tools\Binn\;C:\Program Files\Microsoft SQL Server\100\DTS\Binn\;C:\Program Files (x86)\Intel\OpenCL SDK\2.0\bin\x86;C:\Program Files (x86)\Intel\OpenCL SDK\2.0\bin\x64;C:\Program Files\Intel\Intel(R) Management Engine Components\DAL;C:\Program Files\Intel\Intel(R) Management Engine Components\IPT;C:\Program Files (x86)\Intel\Intel(R) Management Engine Components\DAL;C:\Program Files (x86)\Intel\Intel(R) Management Engine Components\IPT;C:\Program Files (x86)\Lenovo\Lenovo Home\;C:\Program Files (x86)\Windows Kits\8.1\Windows Performance Toolkit\;C:\Program Files\Microsoft SQL Server\110\Tools\Binn\;C:\Program Files\Java\jdk1.7.0_80\bin;C:\Program Files\Java\jdk1.7.0_80\jre\bin;E:\maven\bin;d:\Users\min.jin\.babun
USERNAME=min.jin
OS=Windows_NT
PROCESSOR_IDENTIFIER=Intel64 Family 6 Model 60 Stepping 3, GenuineIntel



---------------  S Y S T E M  ---------------

OS: Windows 7 , 64 bit Build 7601 Service Pack 1

CPU:total 4 (4 cores per cpu, 1 threads per core) family 6 model 60 stepping 3, cmov, cx8, fxsr, mmx, sse, sse2, sse3, ssse3, sse4.1, sse4.2, popcnt, avx, avx2, aes, erms, tsc, tscinvbit

Memory: 4k page, physical 8276124k(3188420k free), swap 10371440k(4634796k free)

vm_info: Java HotSpot(TM) 64-Bit Server VM (24.80-b11) for windows-amd64 JRE (1.7.0_80-b15), built on Apr 10 2015 11:26:34 by "java_re" with unknown MS VC++:1600

time: Mon Feb 01 16:30:29 2016
elapsed time: 0 seconds

