#
# A fatal error has been detected by the Java Runtime Environment:
#
#  EXCEPTION_ACCESS_VIOLATION (0xc0000005) at pc=0x0000000002b5e2fb, pid=5924, tid=8084
#
# JRE version: Java(TM) SE Runtime Environment (7.0_80-b15) (build 1.7.0_80-b15)
# Java VM: Java HotSpot(TM) 64-Bit Server VM (24.80-b11 mixed mode windows-amd64 compressed oops)
# Problematic frame:
# J 33 C2 com.kimmin.util.queue.MappedFileQueue.consume()Ljava/io/Serializable; (5 bytes) @ 0x0000000002b5e2fb [0x0000000002b5e260+0x9b]
#
# Failed to write core dump. Minidumps are not enabled by default on client versions of Windows
#
# If you would like to submit a bug report, please visit:
#   http://bugreport.java.com/bugreport/crash.jsp
#

---------------  T H R E A D  ---------------

Current thread (0x000000000c641800):  JavaThread "Thread-14" [_thread_in_Java, id=8084, stack(0x000000001e0f0000,0x000000001e1f0000)]

siginfo: ExceptionCode=0xc0000005, reading address 0x000000000d2c0000

Registers:
RAX=0x0000000000000000, RBX=0x0000000000000000, RCX=0x0000000008000000, RDX=0x00000007d5f9a5f8
RSP=0x000000001e1ef590, RBP=0x000000001e1ef648, RSI=0x0000000000000000, RDI=0x0000000000000005
R8 =0x0000000000000000, R9 =0x0000000000000001, R10=0x00000000fabf3bd8, R11=0x000000000d2c0000
R12=0x0000000000000000, R13=0x000000001e1ef600, R14=0x000000077caffe40, R15=0x000000000c641800
RIP=0x0000000002b5e2fb, EFLAGS=0x0000000000010203

Top of Stack: (sp=0x000000001e1ef590)
0x000000001e1ef590:   00000007d5f9f708 000000001e1ef598
0x000000001e1ef5a0:   000000077cb3be0a 000000001e1ef600
0x000000001e1ef5b0:   000000077cb3e2e8 000000077cb43720
0x000000001e1ef5c0:   00000007d5f9a5f8 0000000000000000
0x000000001e1ef5d0:   0000000000000003 000000001e1ef648
0x000000001e1ef5e0:   000000001e1ef648 0000000002af6981
0x000000001e1ef5f0:   0000000000000000 0000000002af6981
0x000000001e1ef600:   00000007d5f9a5f8 000000001e1ef608
0x000000001e1ef610:   000000077caf240d 000000001e1ef660
0x000000001e1ef620:   000000077caf6968 000000077cb435d0
0x000000001e1ef630:   000000077caf2438 000000001e1ef600
0x000000001e1ef640:   000000001e1ef660 000000001e1ef6a8
0x000000001e1ef650:   0000000002af6981 0000000000000000
0x000000001e1ef660:   00000007d5f8ecf8 000000001e1ef668
0x000000001e1ef670:   000000077cade25a 000000001e1ef6c0
0x000000001e1ef680:   000000077cb41700 000000077cb43b58 

Instructions: (pc=0x0000000002b5e2fb)
0x0000000002b5e2db:   8b 4c d4 1c 44 3b c1 0f 8d 0b 02 00 00 4f 8b 5c
0x0000000002b5e2eb:   d4 10 45 8b c8 41 ff c1 47 89 4c d4 18 49 63 d8
0x0000000002b5e2fb:   41 0f be 2c 1b 83 fd 02 0f 84 08 02 00 00 8b e9
0x0000000002b5e30b:   41 2b e8 ff cd 83 fd 04 0f 8c 08 02 00 00 43 0f 


Register to memory mapping:

RAX=0x0000000000000000 is an unknown value
RBX=0x0000000000000000 is an unknown value
RCX=0x0000000008000000 is an unknown value
RDX=0x00000007d5f9a5f8 is an oop
com.kimmin.util.queue.MappedFileQueue 
 - klass: 'com/kimmin/util/queue/MappedFileQueue'
RSP=0x000000001e1ef590 is pointing into the stack for thread: 0x000000000c641800
RBP=0x000000001e1ef648 is pointing into the stack for thread: 0x000000000c641800
RSI=0x0000000000000000 is an unknown value
RDI=0x0000000000000005 is an unknown value
R8 =0x0000000000000000 is an unknown value
R9 =0x0000000000000001 is an unknown value
R10=0x00000000fabf3bd8 is an unknown value
R11=0x000000000d2c0000 is pointing into the stack for thread: 0x000000000c5ae000
R12=0x0000000000000000 is an unknown value
R13=0x000000001e1ef600 is pointing into the stack for thread: 0x000000000c641800
R14=0x000000077caffe40 is an oop
{instance class} 
 - klass: {other class}
R15=0x000000000c641800 is a thread


Stack: [0x000000001e0f0000,0x000000001e1f0000],  sp=0x000000001e1ef590,  free space=1021k
Native frames: (J=compiled Java code, j=interpreted, Vv=VM code, C=native code)
J 33 C2 com.kimmin.util.queue.MappedFileQueue.consume()Ljava/io/Serializable; (5 bytes) @ 0x0000000002b5e2fb [0x0000000002b5e260+0x9b]
j  com.kimmin.util.queue.DiskBackedInMemoryBlockingQueue.consume()Ljava/io/Serializable;+21
j  com.kimmin.util.test.TakeThread.run()V+58
v  ~StubRoutines::call_stub
V  [jvm.dll+0x1d03d3]


---------------  P R O C E S S  ---------------

Java Threads: ( => current thread )
  0x000000000c647800 JavaThread "DestroyJavaVM" [_thread_blocked, id=5456, stack(0x00000000029f0000,0x0000000002af0000)]
  0x000000000c647000 JavaThread "Thread-21" [_thread_blocked, id=5212, stack(0x000000001ec70000,0x000000001ed70000)]
  0x000000000c646000 JavaThread "Thread-20" [_thread_blocked, id=7896, stack(0x000000001e3b0000,0x000000001e4b0000)]
  0x000000000c645800 JavaThread "Thread-19" [_thread_blocked, id=7720, stack(0x000000001ea20000,0x000000001eb20000)]
  0x000000000c644800 JavaThread "Thread-18" [_thread_blocked, id=7988, stack(0x000000001e850000,0x000000001e950000)]
  0x000000000c644000 JavaThread "Thread-17" [_thread_blocked, id=7120, stack(0x000000001e6e0000,0x000000001e7e0000)]
  0x000000000c643000 JavaThread "Thread-16" [_thread_blocked, id=2344, stack(0x000000001e4c0000,0x000000001e5c0000)]
  0x000000000c642800 JavaThread "Thread-15" [_thread_blocked, id=4412, stack(0x000000001e280000,0x000000001e380000)]
=>0x000000000c641800 JavaThread "Thread-14" [_thread_in_Java, id=8084, stack(0x000000001e0f0000,0x000000001e1f0000)]
  0x000000000c641000 JavaThread "Thread-13" [_thread_blocked, id=8180, stack(0x000000001d500000,0x000000001d600000)]
  0x000000000c640000 JavaThread "Thread-12" [_thread_blocked, id=2076, stack(0x000000001dd60000,0x000000001de60000)]
  0x000000000c63f000 JavaThread "Thread-11" [_thread_blocked, id=7448, stack(0x000000001deb0000,0x000000001dfb0000)]
  0x000000000c5e6800 JavaThread "Thread-10" [_thread_blocked, id=5316, stack(0x000000000cab0000,0x000000000cbb0000)]
  0x000000000c5e1800 JavaThread "Thread-9" [_thread_blocked, id=6236, stack(0x000000001dc60000,0x000000001dd60000)]
  0x000000000c608000 JavaThread "Thread-8" [_thread_blocked, id=6156, stack(0x000000001db20000,0x000000001dc20000)]
  0x000000000c605000 JavaThread "Thread-7" [_thread_blocked, id=1564, stack(0x000000001d910000,0x000000001da10000)]
  0x000000000c61d000 JavaThread "Thread-6" [_thread_blocked, id=7344, stack(0x000000001d740000,0x000000001d840000)]
  0x000000000c61c800 JavaThread "Thread-5" [_thread_blocked, id=3120, stack(0x000000001d400000,0x000000001d500000)]
  0x000000000c61b800 JavaThread "Thread-4" [_thread_blocked, id=6052, stack(0x000000001d300000,0x000000001d400000)]
  0x000000000c619800 JavaThread "Thread-3" [_thread_blocked, id=7636, stack(0x000000000ccd0000,0x000000000cdd0000)]
  0x000000000c61b000 JavaThread "Thread-2" [_thread_blocked, id=2408, stack(0x000000001d600000,0x000000001d700000)]
  0x000000000c61a000 JavaThread "Thread-1" [_thread_in_native, id=2420, stack(0x000000000d0b0000,0x000000000d1b0000)]
  0x000000000c5ae000 JavaThread "Monitor Ctrl-Break" daemon [_thread_in_native, id=7856, stack(0x000000000d1c0000,0x000000000d2c0000)]
  0x000000000c50e800 JavaThread "Service Thread" daemon [_thread_blocked, id=6524, stack(0x000000000cde0000,0x000000000cee0000)]
  0x000000000afaf800 JavaThread "C2 CompilerThread1" daemon [_thread_in_native, id=3108, stack(0x000000000cbd0000,0x000000000ccd0000)]
  0x000000000afac800 JavaThread "C2 CompilerThread0" daemon [_thread_in_native, id=6248, stack(0x000000000c9a0000,0x000000000caa0000)]
  0x000000000af96000 JavaThread "Attach Listener" daemon [_thread_blocked, id=7280, stack(0x00000000028f0000,0x00000000029f0000)]
  0x000000000af91000 JavaThread "Signal Dispatcher" daemon [_thread_blocked, id=208, stack(0x000000000c400000,0x000000000c500000)]
  0x000000000af30000 JavaThread "Finalizer" daemon [_thread_blocked, id=7160, stack(0x000000000c2c0000,0x000000000c3c0000)]
  0x000000000af2e800 JavaThread "Reference Handler" daemon [_thread_blocked, id=5308, stack(0x000000000c050000,0x000000000c150000)]

Other Threads:
  0x000000000af2a800 VMThread [stack: 0x000000000bf00000,0x000000000c000000] [id=8128]
  0x000000000c518000 WatcherThread [stack: 0x000000000cf90000,0x000000000d090000] [id=1036]

VM state:not at safepoint (normal execution)

VM Mutex/Monitor currently owned by a thread: None

Heap
 PSYoungGen      total 38400K, used 9347K [0x00000007d5e00000, 0x00000007d8880000, 0x0000000800000000)
  eden space 33280K, 28% used [0x00000007d5e00000,0x00000007d6720f70,0x00000007d7e80000)
  from space 5120K, 0% used [0x00000007d8380000,0x00000007d8380000,0x00000007d8880000)
  to   space 5120K, 0% used [0x00000007d7e80000,0x00000007d7e80000,0x00000007d8380000)
 ParOldGen       total 86016K, used 0K [0x0000000781a00000, 0x0000000786e00000, 0x00000007d5e00000)
  object space 86016K, 0% used [0x0000000781a00000,0x0000000781a00000,0x0000000786e00000)
 PSPermGen       total 21504K, used 3349K [0x000000077c800000, 0x000000077dd00000, 0x0000000781a00000)
  object space 21504K, 15% used [0x000000077c800000,0x000000077cb456c0,0x000000077dd00000)

Card table byte_map: [0x0000000005af0000,0x0000000005f10000] byte_map_base: 0x0000000001f0c000

Polling page: 0x0000000000230000

Code Cache  [0x0000000002af0000, 0x0000000002d60000, 0x0000000005af0000)
 total_blobs=241 nmethods=35 adapters=159 free_code_cache=48721Kb largest_free_block=49870912

Compilation events (10 events):
Event: 0.104 Thread 0x000000000afac800 nmethod 32 0x0000000002b5d1d0 code [0x0000000002b5d300, 0x0000000002b5d398]
Event: 0.104 Thread 0x000000000afac800   34 %           com.kimmin.util.test.TakeThread::run @ 13 (70 bytes)
Event: 0.105 Thread 0x000000000afac800 nmethod 34% 0x0000000002b5e990 code [0x0000000002b5eb00, 0x0000000002b5ec68]
Event: 0.105 Thread 0x000000000afaf800 nmethod 33 0x0000000002b5e110 code [0x0000000002b5e260, 0x0000000002b5e5f8]
Event: 0.128 Thread 0x000000000afac800   35   !         java.util.concurrent.locks.AbstractQueuedSynchronizer::acquireQueued (93 bytes)
Event: 0.128 Thread 0x000000000afaf800   36             java.util.concurrent.locks.AbstractQueuedSynchronizer$Node::predecessor (19 bytes)
Event: 0.128 Thread 0x000000000afaf800 nmethod 36 0x0000000002b5b810 code [0x0000000002b5b940, 0x0000000002b5b9b8]
Event: 0.130 Thread 0x000000000afac800 nmethod 35 0x0000000002b5da50 code [0x0000000002b5dbc0, 0x0000000002b5de50]
Event: 0.132 Thread 0x000000000afaf800   37 %           com.kimmin.util.test.TakeThread::run @ 13 (70 bytes)
Event: 0.133 Thread 0x000000000afac800   38             com.kimmin.util.queue.DiskBackedInMemoryBlockingQueue::consume (29 bytes)

GC Heap History (0 events):
No events

Deoptimization events (10 events):
Event: 0.071 Thread 0x0000000002608000 Uncommon trap: reason=unstable_if action=reinterpret pc=0x0000000002b50208 method=java.lang.String.hashCode()I @ 14
Event: 0.126 Thread 0x000000000c61a000 Uncommon trap: reason=unstable_if action=reinterpret pc=0x0000000002b583fc method=java.util.concurrent.locks.AbstractQueuedSynchronizer.release(I)Z @ 14
Event: 0.126 Thread 0x000000000c61a000 Uncommon trap: reason=unstable_if action=reinterpret pc=0x0000000002b53db0 method=java.util.concurrent.locks.AbstractQueuedSynchronizer.release(I)Z @ 14
Event: 0.132 Thread 0x000000000c643000 Uncommon trap: reason=unstable_if action=reinterpret pc=0x0000000002b5aaec method=java.util.concurrent.ArrayBlockingQueue.poll()Ljava/lang/Object; @ 13
Event: 0.132 Thread 0x000000000c643000 Uncommon trap: reason=unstable_if action=reinterpret pc=0x0000000002b5ebf0 method=com.kimmin.util.test.TakeThread.run()V @ 14
Event: 0.132 Thread 0x000000000c641800 Uncommon trap: reason=unstable_if action=reinterpret pc=0x0000000002b5aaec method=java.util.concurrent.ArrayBlockingQueue.poll()Ljava/lang/Object; @ 13
Event: 0.132 Thread 0x000000000c641800 Uncommon trap: reason=unstable_if action=reinterpret pc=0x0000000002b5ebf0 method=com.kimmin.util.test.TakeThread.run()V @ 14
Event: 0.132 Thread 0x000000000c640000 Uncommon trap: reason=unstable_if action=reinterpret pc=0x0000000002b5aaec method=java.util.concurrent.ArrayBlockingQueue.poll()Ljava/lang/Object; @ 13
Event: 0.132 Thread 0x000000000c640000 Uncommon trap: reason=unstable_if action=reinterpret pc=0x0000000002b5ebf0 method=com.kimmin.util.test.TakeThread.run()V @ 14
Event: 0.135 Thread 0x000000000c641800 Uncommon trap: reason=unstable_if action=reinterpret pc=0x0000000002b597a4 method=java.util.concurrent.ArrayBlockingQueue.poll()Ljava/lang/Object; @ 13

Internal exceptions (10 events):
Event: 0.074 Thread 0x0000000002608000 Threw 0x00000007d5f7b778 at C:\re\jdk7u80\2329\hotspot\src\share\vm\prims\jvm.cpp:1319
Event: 0.075 Thread 0x0000000002608000 Threw 0x00000007d5f7f1a0 at C:\re\jdk7u80\2329\hotspot\src\share\vm\prims\jvm.cpp:1319
Event: 0.076 Thread 0x0000000002608000 Threw 0x00000007d5f817f0 at C:\re\jdk7u80\2329\hotspot\src\share\vm\prims\jvm.cpp:1319
Event: 0.076 Thread 0x0000000002608000 Threw 0x00000007d5f84198 at C:\re\jdk7u80\2329\hotspot\src\share\vm\prims\jvm.cpp:1319
Event: 0.076 Thread 0x0000000002608000 Threw 0x00000007d5f86a60 at C:\re\jdk7u80\2329\hotspot\src\share\vm\prims\jvm.cpp:1319
Event: 0.077 Thread 0x0000000002608000 Threw 0x00000007d5f8b748 at C:\re\jdk7u80\2329\hotspot\src\share\vm\prims\jvm.cpp:1319
Event: 0.078 Thread 0x0000000002608000 Threw 0x00000007d5f8f1d0 at C:\re\jdk7u80\2329\hotspot\src\share\vm\prims\jvm.cpp:1319
Event: 0.078 Thread 0x0000000002608000 Threw 0x00000007d5f97298 at C:\re\jdk7u80\2329\hotspot\src\share\vm\prims\jvm.cpp:1319
Event: 0.126 Thread 0x000000000c61a000 Implicit null exception at 0x0000000002b58389 to 0x0000000002b583ed
Event: 0.126 Thread 0x000000000c61a000 Implicit null exception at 0x0000000002b53d41 to 0x0000000002b53da1

Events (10 events):
Event: 0.132 Thread 0x000000000c641800 DEOPT UNPACKING pc=0x0000000002b275a4 sp=0x000000001e1ef630 mode 2
Event: 0.132 Thread 0x000000000c640000 Uncommon trap: trap_request=0xffffff75 fr.pc=0x0000000002b5aaec
Event: 0.132 Thread 0x000000000c640000 DEOPT PACKING pc=0x0000000002b5aaec sp=0x000000001de5f350
Event: 0.132 Thread 0x000000000c640000 DEOPT UNPACKING pc=0x0000000002b275a4 sp=0x000000001de5f2a8 mode 2
Event: 0.132 Thread 0x000000000c640000 Uncommon trap: trap_request=0xffffff75 fr.pc=0x0000000002b5ebf0
Event: 0.132 Thread 0x000000000c640000 DEOPT PACKING pc=0x0000000002b5ebf0 sp=0x000000001de5f3b0
Event: 0.132 Thread 0x000000000c640000 DEOPT UNPACKING pc=0x0000000002b275a4 sp=0x000000001de5f370 mode 2
Event: 0.135 Thread 0x000000000c641800 Uncommon trap: trap_request=0xffffff75 fr.pc=0x0000000002b597a4
Event: 0.135 Thread 0x000000000c641800 DEOPT PACKING pc=0x0000000002b597a4 sp=0x000000001e1ef5b0
Event: 0.135 Thread 0x000000000c641800 DEOPT UNPACKING pc=0x0000000002b275a4 sp=0x000000001e1ef550 mode 2


Dynamic libraries:
0x000000013f050000 - 0x000000013f083000 	C:\Program Files\Java\jdk1.7.0_80\bin\java.exe
0x00000000774c0000 - 0x0000000077669000 	C:\Windows\SYSTEM32\ntdll.dll
0x0000000077020000 - 0x000000007713f000 	C:\Windows\system32\kernel32.dll
0x000007fefdba0000 - 0x000007fefdc0c000 	C:\Windows\system32\KERNELBASE.dll
0x000007fefde60000 - 0x000007fefdf3b000 	C:\Windows\system32\ADVAPI32.dll
0x000007fefe480000 - 0x000007fefe51f000 	C:\Windows\system32\msvcrt.dll
0x000007fefe3c0000 - 0x000007fefe3df000 	C:\Windows\SYSTEM32\sechost.dll
0x000007fefe530000 - 0x000007fefe65d000 	C:\Windows\system32\RPCRT4.dll
0x0000000076f20000 - 0x000000007701a000 	C:\Windows\system32\USER32.dll
0x000007fefdcf0000 - 0x000007fefdd57000 	C:\Windows\system32\GDI32.dll
0x000007feff7c0000 - 0x000007feff7ce000 	C:\Windows\system32\LPK.dll
0x000007fefdd60000 - 0x000007fefde2a000 	C:\Windows\system32\USP10.dll
0x000007fefbfc0000 - 0x000007fefc1b4000 	C:\Windows\WinSxS\amd64_microsoft.windows.common-controls_6595b64144ccf1df_6.0.7601.17514_none_fa396087175ac9ac\COMCTL32.dll
0x000007fefe6b0000 - 0x000007fefe721000 	C:\Windows\system32\SHLWAPI.dll
0x000007fefde30000 - 0x000007fefde5e000 	C:\Windows\system32\IMM32.DLL
0x000007fefe2b0000 - 0x000007fefe3b9000 	C:\Windows\system32\MSCTF.dll
0x000000005af10000 - 0x000000005afe2000 	C:\Program Files\Java\jdk1.7.0_80\jre\bin\msvcr100.dll
0x000000006ed80000 - 0x000000006f559000 	C:\Program Files\Java\jdk1.7.0_80\jre\bin\server\jvm.dll
0x000007fef9820000 - 0x000007fef9829000 	C:\Windows\system32\WSOCK32.dll
0x000007fefe660000 - 0x000007fefe6ad000 	C:\Windows\system32\WS2_32.dll
0x000007fefe520000 - 0x000007fefe528000 	C:\Windows\system32\NSI.dll
0x000007fefb930000 - 0x000007fefb96b000 	C:\Windows\system32\WINMM.dll
0x0000000077680000 - 0x0000000077687000 	C:\Windows\system32\PSAPI.DLL
0x00000000739c0000 - 0x00000000739cf000 	C:\Program Files\Java\jdk1.7.0_80\jre\bin\verify.dll
0x00000000722e0000 - 0x0000000072308000 	C:\Program Files\Java\jdk1.7.0_80\jre\bin\java.dll
0x0000000072320000 - 0x0000000072336000 	C:\Program Files\Java\jdk1.7.0_80\jre\bin\zip.dll
0x000007fefb390000 - 0x000007fefb3a0000 	C:\Program Files (x86)\JetBrains\IntelliJ IDEA 15.0.1\bin\breakgen64.dll
0x0000000071f60000 - 0x0000000071f7a000 	C:\Program Files\Java\jdk1.7.0_80\jre\bin\net.dll
0x000007fefd1e0000 - 0x000007fefd235000 	C:\Windows\system32\mswsock.dll
0x000007fefd370000 - 0x000007fefd377000 	C:\Windows\System32\wship6.dll
0x0000000071f80000 - 0x0000000071f91000 	C:\Program Files\Java\jdk1.7.0_80\jre\bin\nio.dll
0x000007fefb5f0000 - 0x000007fefb715000 	C:\Windows\system32\dbghelp.dll

VM Arguments:
jvm_args: -Didea.launcher.port=7535 -Didea.launcher.bin.path=C:\Program Files (x86)\JetBrains\IntelliJ IDEA 15.0.1\bin -Dfile.encoding=UTF-8 
java_command: com.intellij.rt.execution.application.AppMain com.kimmin.util.test.FileIOTest
Launcher Type: SUN_STANDARD

Environment Variables:
JAVA_HOME=C:\Program Files\Java\jdk1.7.0_80
CLASSPATH=.;C:\Program Files\Java\jdk1.7.0_80\lib\dt.jar;C:\Program Files\Java\jdk1.7.0_80\lib\tools.jar
PATH=C:\Perl64\site\bin;C:\Perl64\bin;C:\Program Files (x86)\Intel\iCLS Client\;C:\Program Files\Intel\iCLS Client\;C:\Windows\system32;C:\Windows;C:\Windows\System32\Wbem;C:\Windows\System32\WindowsPowerShell\v1.0\;C:\Program Files (x86)\Microsoft SQL Server\100\Tools\Binn\VSShell\Common7\IDE\;C:\Program Files (x86)\Microsoft SQL Server\100\Tools\Binn\;C:\Program Files (x86)\Microsoft Visual Studio 9.0\Common7\IDE\PrivateAssemblies\;C:\Program Files (x86)\Microsoft SQL Server\100\DTS\Binn\;C:\Program Files\Microsoft SQL Server\100\Tools\Binn\;C:\Program Files\Microsoft SQL Server\100\DTS\Binn\;C:\Program Files (x86)\Intel\OpenCL SDK\2.0\bin\x86;C:\Program Files (x86)\Intel\OpenCL SDK\2.0\bin\x64;C:\Program Files\Intel\Intel(R) Management Engine Components\DAL;C:\Program Files\Intel\Intel(R) Management Engine Components\IPT;C:\Program Files (x86)\Intel\Intel(R) Management Engine Components\DAL;C:\Program Files (x86)\Intel\Intel(R) Management Engine Components\IPT;C:\Program Files (x86)\Lenovo\Lenovo Home\;C:\Program Files (x86)\Windows Kits\8.1\Windows Performance Toolkit\;C:\Program Files\Microsoft SQL Server\110\Tools\Binn\;C:\Program Files\Java\jdk1.7.0_80\bin;C:\Program Files\Java\jdk1.7.0_80\jre\bin;E:\maven\bin;d:\Users\min.jin\.babun
USERNAME=min.jin
OS=Windows_NT
PROCESSOR_IDENTIFIER=Intel64 Family 6 Model 60 Stepping 3, GenuineIntel



---------------  S Y S T E M  ---------------

OS: Windows 7 , 64 bit Build 7601 Service Pack 1

CPU:total 4 (4 cores per cpu, 1 threads per core) family 6 model 60 stepping 3, cmov, cx8, fxsr, mmx, sse, sse2, sse3, ssse3, sse4.1, sse4.2, popcnt, avx, avx2, aes, erms, tsc, tscinvbit

Memory: 4k page, physical 8276124k(3186660k free), swap 10371440k(4619332k free)

vm_info: Java HotSpot(TM) 64-Bit Server VM (24.80-b11) for windows-amd64 JRE (1.7.0_80-b15), built on Apr 10 2015 11:26:34 by "java_re" with unknown MS VC++:1600

time: Mon Feb 01 16:28:46 2016
elapsed time: 0 seconds

